0 verbose cli /usr/local/bin/node /usr/local/bin/npm
1 info using npm@10.9.2
2 info using node@v22.17.0
3 silly config load:file:/usr/local/lib/node_modules/npm/npmrc
4 silly config load:file:/Users/macbookair/cleaning-bot/.npmrc
5 silly config load:file:/Users/macbookair/.npmrc
6 silly config load:file:/usr/local/etc/npmrc
7 verbose title npm install dotenv zod
8 verbose argv "install" "dotenv" "zod" "--cache" ".npm-cache"
9 verbose logfile logs-max:10 dir:/Users/macbookair/cleaning-bot/.npm-cache/_logs/2025-10-08T17_18_09_592Z-
10 verbose logfile /Users/macbookair/cleaning-bot/.npm-cache/_logs/2025-10-08T17_18_09_592Z-debug-0.log
11 silly logfile done cleaning log files
12 silly packumentCache heap:2197815296 maxSize:549453824 maxEntrySize:274726912
13 silly idealTree buildDeps
14 silly fetch manifest dotenv@*
15 silly packumentCache full:https://registry.npmjs.org/dotenv cache-miss
16 http fetch GET 200 https://registry.npmjs.org/dotenv 279ms (cache miss)
17 silly packumentCache full:https://registry.npmjs.org/dotenv set size:undefined disposed:false
18 silly fetch manifest zod@*
19 silly packumentCache full:https://registry.npmjs.org/zod cache-miss
20 http fetch GET 200 https://registry.npmjs.org/zod 131ms (cache miss)
21 silly packumentCache full:https://registry.npmjs.org/zod set size:undefined disposed:false
22 silly placeDep ROOT dotenv@17.2.3 OK for: cleaning-bot@1.0.0 want: *
23 silly placeDep ROOT zod@4.1.12 OK for: cleaning-bot@1.0.0 want: *
24 silly reify moves {}
25 silly audit bulk request {
25 silly audit   '@esbuild/aix-ppc64': [ '0.25.10' ],
25 silly audit   '@esbuild/android-arm': [ '0.25.10' ],
25 silly audit   '@esbuild/android-arm64': [ '0.25.10' ],
25 silly audit   '@esbuild/android-x64': [ '0.25.10' ],
25 silly audit   '@esbuild/darwin-arm64': [ '0.25.10' ],
25 silly audit   '@esbuild/darwin-x64': [ '0.25.10' ],
25 silly audit   '@esbuild/freebsd-arm64': [ '0.25.10' ],
25 silly audit   '@esbuild/freebsd-x64': [ '0.25.10' ],
25 silly audit   '@esbuild/linux-arm': [ '0.25.10' ],
25 silly audit   '@esbuild/linux-arm64': [ '0.25.10' ],
25 silly audit   '@esbuild/linux-ia32': [ '0.25.10' ],
25 silly audit   '@esbuild/linux-loong64': [ '0.25.10' ],
25 silly audit   '@esbuild/linux-mips64el': [ '0.25.10' ],
25 silly audit   '@esbuild/linux-ppc64': [ '0.25.10' ],
25 silly audit   '@esbuild/linux-riscv64': [ '0.25.10' ],
25 silly audit   '@esbuild/linux-s390x': [ '0.25.10' ],
25 silly audit   '@esbuild/linux-x64': [ '0.25.10' ],
25 silly audit   '@esbuild/netbsd-arm64': [ '0.25.10' ],
25 silly audit   '@esbuild/netbsd-x64': [ '0.25.10' ],
25 silly audit   '@esbuild/openbsd-arm64': [ '0.25.10' ],
25 silly audit   '@esbuild/openbsd-x64': [ '0.25.10' ],
25 silly audit   '@esbuild/openharmony-arm64': [ '0.25.10' ],
25 silly audit   '@esbuild/sunos-x64': [ '0.25.10' ],
25 silly audit   '@esbuild/win32-arm64': [ '0.25.10' ],
25 silly audit   '@esbuild/win32-ia32': [ '0.25.10' ],
25 silly audit   '@esbuild/win32-x64': [ '0.25.10' ],
25 silly audit   '@eslint-community/eslint-utils': [ '4.9.0' ],
25 silly audit   '@eslint-community/regexpp': [ '4.12.1' ],
25 silly audit   '@eslint/config-array': [ '0.21.0' ],
25 silly audit   'brace-expansion': [ '1.1.12', '2.0.2' ],
25 silly audit   minimatch: [ '3.1.2', '9.0.5' ],
25 silly audit   '@eslint/config-helpers': [ '0.4.0' ],
25 silly audit   '@eslint/core': [ '0.16.0' ],
25 silly audit   '@eslint/eslintrc': [ '3.3.1' ],
25 silly audit   ignore: [ '5.3.2', '7.0.5' ],
25 silly audit   '@eslint/js': [ '9.37.0' ],
25 silly audit   '@eslint/object-schema': [ '2.1.6' ],
25 silly audit   '@eslint/plugin-kit': [ '0.4.0' ],
25 silly audit   '@humanfs/core': [ '0.19.1' ],
25 silly audit   '@humanfs/node': [ '0.16.7' ],
25 silly audit   '@humanwhocodes/module-importer': [ '1.0.1' ],
25 silly audit   '@humanwhocodes/retry': [ '0.4.3' ],
25 silly audit   '@jridgewell/sourcemap-codec': [ '1.5.5' ],
25 silly audit   '@nodelib/fs.scandir': [ '2.1.5' ],
25 silly audit   '@nodelib/fs.stat': [ '2.0.5' ],
25 silly audit   '@nodelib/fs.walk': [ '1.2.8' ],
25 silly audit   '@pkgr/core': [ '0.2.9' ],
25 silly audit   '@rollup/rollup-android-arm-eabi': [ '4.52.4' ],
25 silly audit   '@rollup/rollup-android-arm64': [ '4.52.4' ],
25 silly audit   '@rollup/rollup-darwin-arm64': [ '4.52.4' ],
25 silly audit   '@rollup/rollup-darwin-x64': [ '4.52.4' ],
25 silly audit   '@rollup/rollup-freebsd-arm64': [ '4.52.4' ],
25 silly audit   '@rollup/rollup-freebsd-x64': [ '4.52.4' ],
25 silly audit   '@rollup/rollup-linux-arm-gnueabihf': [ '4.52.4' ],
25 silly audit   '@rollup/rollup-linux-arm-musleabihf': [ '4.52.4' ],
25 silly audit   '@rollup/rollup-linux-arm64-gnu': [ '4.52.4' ],
25 silly audit   '@rollup/rollup-linux-arm64-musl': [ '4.52.4' ],
25 silly audit   '@rollup/rollup-linux-loong64-gnu': [ '4.52.4' ],
25 silly audit   '@rollup/rollup-linux-ppc64-gnu': [ '4.52.4' ],
25 silly audit   '@rollup/rollup-linux-riscv64-gnu': [ '4.52.4' ],
25 silly audit   '@rollup/rollup-linux-riscv64-musl': [ '4.52.4' ],
25 silly audit   '@rollup/rollup-linux-s390x-gnu': [ '4.52.4' ],
25 silly audit   '@rollup/rollup-linux-x64-gnu': [ '4.52.4' ],
25 silly audit   '@rollup/rollup-linux-x64-musl': [ '4.52.4' ],
25 silly audit   '@rollup/rollup-openharmony-arm64': [ '4.52.4' ],
25 silly audit   '@rollup/rollup-win32-arm64-msvc': [ '4.52.4' ],
25 silly audit   '@rollup/rollup-win32-ia32-msvc': [ '4.52.4' ],
25 silly audit   '@rollup/rollup-win32-x64-gnu': [ '4.52.4' ],
25 silly audit   '@rollup/rollup-win32-x64-msvc': [ '4.52.4' ],
25 silly audit   '@types/chai': [ '5.2.2' ],
25 silly audit   '@types/deep-eql': [ '4.0.2' ],
25 silly audit   '@types/estree': [ '1.0.8' ],
25 silly audit   '@types/json-schema': [ '7.0.15' ],
25 silly audit   '@types/node': [ '24.7.0' ],
25 silly audit   '@typescript-eslint/eslint-plugin': [ '8.46.0' ],
25 silly audit   '@typescript-eslint/parser': [ '8.46.0' ],
25 silly audit   '@typescript-eslint/project-service': [ '8.46.0' ],
25 silly audit   '@typescript-eslint/scope-manager': [ '8.46.0' ],
25 silly audit   '@typescript-eslint/tsconfig-utils': [ '8.46.0' ],
25 silly audit   '@typescript-eslint/type-utils': [ '8.46.0' ],
25 silly audit   '@typescript-eslint/types': [ '8.46.0' ],
25 silly audit   '@typescript-eslint/typescript-estree': [ '8.46.0' ],
25 silly audit   '@typescript-eslint/utils': [ '8.46.0' ],
25 silly audit   '@typescript-eslint/visitor-keys': [ '8.46.0' ],
25 silly audit   'eslint-visitor-keys': [ '4.2.1', '3.4.3' ],
25 silly audit   '@vitest/expect': [ '3.2.4' ],
25 silly audit   '@vitest/mocker': [ '3.2.4' ],
25 silly audit   '@vitest/pretty-format': [ '3.2.4' ],
25 silly audit   '@vitest/runner': [ '3.2.4' ],
25 silly audit   '@vitest/snapshot': [ '3.2.4' ],
25 silly audit   '@vitest/spy': [ '3.2.4' ],
25 silly audit   '@vitest/utils': [ '3.2.4' ],
25 silly audit   acorn: [ '8.15.0' ],
25 silly audit   'acorn-jsx': [ '5.3.2' ],
25 silly audit   ajv: [ '6.12.6' ],
25 silly audit   'ansi-styles': [ '4.3.0' ],
25 silly audit   argparse: [ '2.0.1' ],
25 silly audit   'assertion-error': [ '2.0.1' ],
25 silly audit   'balanced-match': [ '1.0.2' ],
25 silly audit   braces: [ '3.0.3' ],
25 silly audit   cac: [ '6.7.14' ],
25 silly audit   callsites: [ '3.1.0' ],
25 silly audit   chai: [ '5.3.3' ],
25 silly audit   chalk: [ '4.1.2' ],
25 silly audit   'check-error': [ '2.1.1' ],
25 silly audit   'color-convert': [ '2.0.1' ],
25 silly audit   'color-name': [ '1.1.4' ],
25 silly audit   'concat-map': [ '0.0.1' ],
25 silly audit   'cross-spawn': [ '7.0.6' ],
25 silly audit   debug: [ '4.4.3' ],
25 silly audit   'deep-eql': [ '5.0.2' ],
25 silly audit   'deep-is': [ '0.1.4' ],
25 silly audit   'es-module-lexer': [ '1.7.0' ],
25 silly audit   esbuild: [ '0.25.10' ],
25 silly audit   'escape-string-regexp': [ '4.0.0' ],
25 silly audit   eslint: [ '9.37.0' ],
25 silly audit   'eslint-config-prettier': [ '10.1.8' ],
25 silly audit   'eslint-plugin-prettier': [ '5.5.4' ],
25 silly audit   'eslint-scope': [ '8.4.0' ],
25 silly audit   espree: [ '10.4.0' ],
25 silly audit   esquery: [ '1.6.0' ],
25 silly audit   esrecurse: [ '4.3.0' ],
25 silly audit   estraverse: [ '5.3.0' ],
25 silly audit   'estree-walker': [ '3.0.3' ],
25 silly audit   esutils: [ '2.0.3' ],
25 silly audit   'expect-type': [ '1.2.2' ],
25 silly audit   'fast-deep-equal': [ '3.1.3' ],
25 silly audit   'fast-diff': [ '1.3.0' ],
25 silly audit   'fast-glob': [ '3.3.3' ],
25 silly audit   'glob-parent': [ '5.1.2', '6.0.2' ],
25 silly audit   'fast-json-stable-stringify': [ '2.1.0' ],
25 silly audit   'fast-levenshtein': [ '2.0.6' ],
25 silly audit   fastq: [ '1.19.1' ],
25 silly audit   'file-entry-cache': [ '8.0.0' ],
25 silly audit   'fill-range': [ '7.1.1' ],
25 silly audit   'find-up': [ '5.0.0' ],
25 silly audit   'flat-cache': [ '4.0.1' ],
25 silly audit   flatted: [ '3.3.3' ],
25 silly audit   fsevents: [ '2.3.3' ],
25 silly audit   'get-tsconfig': [ '4.11.0' ],
25 silly audit   globals: [ '14.0.0' ],
25 silly audit   graphemer: [ '1.4.0' ],
25 silly audit   'has-flag': [ '4.0.0' ],
25 silly audit   'import-fresh': [ '3.3.1' ],
25 silly audit   imurmurhash: [ '0.1.4' ],
25 silly audit   'is-extglob': [ '2.1.1' ],
25 silly audit   'is-glob': [ '4.0.3' ],
25 silly audit   'is-number': [ '7.0.0' ],
25 silly audit   isexe: [ '2.0.0' ],
25 silly audit   'js-tokens': [ '9.0.1' ],
25 silly audit   'js-yaml': [ '4.1.0' ],
25 silly audit   'json-buffer': [ '3.0.1' ],
25 silly audit   'json-schema-traverse': [ '0.4.1' ],
25 silly audit   'json-stable-stringify-without-jsonify': [ '1.0.1' ],
25 silly audit   keyv: [ '4.5.4' ],
25 silly audit   levn: [ '0.4.1' ],
25 silly audit   'locate-path': [ '6.0.0' ],
25 silly audit   'lodash.merge': [ '4.6.2' ],
25 silly audit   loupe: [ '3.2.1' ],
25 silly audit   'magic-string': [ '0.30.19' ],
25 silly audit   merge2: [ '1.4.1' ],
25 silly audit   micromatch: [ '4.0.8' ],
25 silly audit   ms: [ '2.1.3' ],
25 silly audit   nanoid: [ '3.3.11' ],
25 silly audit   'natural-compare': [ '1.4.0' ],
25 silly audit   optionator: [ '0.9.4' ],
25 silly audit   'p-limit': [ '3.1.0' ],
25 silly audit   'p-locate': [ '5.0.0' ],
25 silly audit   'parent-module': [ '1.0.1' ],
25 silly audit   'path-exists': [ '4.0.0' ],
25 silly audit   'path-key': [ '3.1.1' ],
25 silly audit   pathe: [ '2.0.3' ],
25 silly audit   pathval: [ '2.0.1' ],
25 silly audit   picocolors: [ '1.1.1' ],
25 silly audit   picomatch: [ '2.3.1', '4.0.3' ],
25 silly audit   postcss: [ '8.5.6' ],
25 silly audit   'prelude-ls': [ '1.2.1' ],
25 silly audit   prettier: [ '3.6.2' ],
25 silly audit   'prettier-linter-helpers': [ '1.0.0' ],
25 silly audit   punycode: [ '2.3.1' ],
25 silly audit   'queue-microtask': [ '1.2.3' ],
25 silly audit   'resolve-from': [ '4.0.0' ],
25 silly audit   'resolve-pkg-maps': [ '1.0.0' ],
25 silly audit   reusify: [ '1.1.0' ],
25 silly audit   rollup: [ '4.52.4' ],
25 silly audit   'run-parallel': [ '1.2.0' ],
25 silly audit   semver: [ '7.7.3' ],
25 silly audit   'shebang-command': [ '2.0.0' ],
25 silly audit   'shebang-regex': [ '3.0.0' ],
25 silly audit   siginfo: [ '2.0.0' ],
25 silly audit   'source-map-js': [ '1.2.1' ],
25 silly audit   stackback: [ '0.0.2' ],
25 silly audit   'std-env': [ '3.9.0' ],
25 silly audit   'strip-json-comments': [ '3.1.1' ],
25 silly audit   'strip-literal': [ '3.1.0' ],
25 silly audit   'supports-color': [ '7.2.0' ],
25 silly audit   synckit: [ '0.11.11' ],
25 silly audit   tinybench: [ '2.9.0' ],
25 silly audit   tinyexec: [ '0.3.2' ],
25 silly audit   tinyglobby: [ '0.2.15' ],
25 silly audit   fdir: [ '6.5.0' ],
25 silly audit   tinypool: [ '1.1.1' ],
25 silly audit   tinyrainbow: [ '2.0.0' ],
25 silly audit   tinyspy: [ '4.0.4' ],
25 silly audit   'to-regex-range': [ '5.0.1' ],
25 silly audit   'ts-api-utils': [ '2.1.0' ],
25 silly audit   tsx: [ '4.20.6' ],
25 silly audit   'type-check': [ '0.4.0' ],
25 silly audit   typescript: [ '5.9.3' ],
25 silly audit   'undici-types': [ '7.14.0' ],
25 silly audit   'uri-js': [ '4.4.1' ],
25 silly audit   vite: [ '7.1.9' ],
25 silly audit   'vite-node': [ '3.2.4' ],
25 silly audit   vitest: [ '3.2.4' ],
25 silly audit   which: [ '2.0.2' ],
25 silly audit   'why-is-node-running': [ '2.3.0' ],
25 silly audit   'word-wrap': [ '1.2.5' ],
25 silly audit   'yocto-queue': [ '0.1.0' ],
25 silly audit   dotenv: [ '17.2.3' ],
25 silly audit   zod: [ '4.1.12' ]
25 silly audit }
26 verbose reify failed optional dependency /Users/macbookair/cleaning-bot/node_modules/@rollup/rollup-win32-x64-msvc
27 silly reify mark deleted [
27 silly reify   '/Users/macbookair/cleaning-bot/node_modules/@rollup/rollup-win32-x64-msvc'
27 silly reify ]
28 verbose reify failed optional dependency /Users/macbookair/cleaning-bot/node_modules/@rollup/rollup-win32-x64-gnu
29 silly reify mark deleted [
29 silly reify   '/Users/macbookair/cleaning-bot/node_modules/@rollup/rollup-win32-x64-gnu'
29 silly reify ]
30 verbose reify failed optional dependency /Users/macbookair/cleaning-bot/node_modules/@rollup/rollup-win32-ia32-msvc
31 silly reify mark deleted [
31 silly reify   '/Users/macbookair/cleaning-bot/node_modules/@rollup/rollup-win32-ia32-msvc'
31 silly reify ]
32 verbose reify failed optional dependency /Users/macbookair/cleaning-bot/node_modules/@rollup/rollup-win32-arm64-msvc
33 silly reify mark deleted [
33 silly reify   '/Users/macbookair/cleaning-bot/node_modules/@rollup/rollup-win32-arm64-msvc'
33 silly reify ]
34 verbose reify failed optional dependency /Users/macbookair/cleaning-bot/node_modules/@rollup/rollup-openharmony-arm64
35 silly reify mark deleted [
35 silly reify   '/Users/macbookair/cleaning-bot/node_modules/@rollup/rollup-openharmony-arm64'
35 silly reify ]
36 verbose reify failed optional dependency /Users/macbookair/cleaning-bot/node_modules/@rollup/rollup-linux-x64-musl
37 silly reify mark deleted [
37 silly reify   '/Users/macbookair/cleaning-bot/node_modules/@rollup/rollup-linux-x64-musl'
37 silly reify ]
38 verbose reify failed optional dependency /Users/macbookair/cleaning-bot/node_modules/@rollup/rollup-linux-x64-gnu
39 silly reify mark deleted [
39 silly reify   '/Users/macbookair/cleaning-bot/node_modules/@rollup/rollup-linux-x64-gnu'
39 silly reify ]
40 verbose reify failed optional dependency /Users/macbookair/cleaning-bot/node_modules/@rollup/rollup-linux-s390x-gnu
41 silly reify mark deleted [
41 silly reify   '/Users/macbookair/cleaning-bot/node_modules/@rollup/rollup-linux-s390x-gnu'
41 silly reify ]
42 verbose reify failed optional dependency /Users/macbookair/cleaning-bot/node_modules/@rollup/rollup-linux-riscv64-musl
43 silly reify mark deleted [
43 silly reify   '/Users/macbookair/cleaning-bot/node_modules/@rollup/rollup-linux-riscv64-musl'
43 silly reify ]
44 verbose reify failed optional dependency /Users/macbookair/cleaning-bot/node_modules/@rollup/rollup-linux-riscv64-gnu
45 silly reify mark deleted [
45 silly reify   '/Users/macbookair/cleaning-bot/node_modules/@rollup/rollup-linux-riscv64-gnu'
45 silly reify ]
46 verbose reify failed optional dependency /Users/macbookair/cleaning-bot/node_modules/@rollup/rollup-linux-ppc64-gnu
47 silly reify mark deleted [
47 silly reify   '/Users/macbookair/cleaning-bot/node_modules/@rollup/rollup-linux-ppc64-gnu'
47 silly reify ]
48 verbose reify failed optional dependency /Users/macbookair/cleaning-bot/node_modules/@rollup/rollup-linux-loong64-gnu
49 silly reify mark deleted [
49 silly reify   '/Users/macbookair/cleaning-bot/node_modules/@rollup/rollup-linux-loong64-gnu'
49 silly reify ]
50 verbose reify failed optional dependency /Users/macbookair/cleaning-bot/node_modules/@rollup/rollup-linux-arm64-musl
51 silly reify mark deleted [
51 silly reify   '/Users/macbookair/cleaning-bot/node_modules/@rollup/rollup-linux-arm64-musl'
51 silly reify ]
52 verbose reify failed optional dependency /Users/macbookair/cleaning-bot/node_modules/@rollup/rollup-linux-arm64-gnu
53 silly reify mark deleted [
53 silly reify   '/Users/macbookair/cleaning-bot/node_modules/@rollup/rollup-linux-arm64-gnu'
53 silly reify ]
54 verbose reify failed optional dependency /Users/macbookair/cleaning-bot/node_modules/@rollup/rollup-linux-arm-musleabihf
55 silly reify mark deleted [
55 silly reify   '/Users/macbookair/cleaning-bot/node_modules/@rollup/rollup-linux-arm-musleabihf'
55 silly reify ]
56 verbose reify failed optional dependency /Users/macbookair/cleaning-bot/node_modules/@rollup/rollup-linux-arm-gnueabihf
57 silly reify mark deleted [
57 silly reify   '/Users/macbookair/cleaning-bot/node_modules/@rollup/rollup-linux-arm-gnueabihf'
57 silly reify ]
58 verbose reify failed optional dependency /Users/macbookair/cleaning-bot/node_modules/@rollup/rollup-freebsd-x64
59 silly reify mark deleted [
59 silly reify   '/Users/macbookair/cleaning-bot/node_modules/@rollup/rollup-freebsd-x64'
59 silly reify ]
60 verbose reify failed optional dependency /Users/macbookair/cleaning-bot/node_modules/@rollup/rollup-freebsd-arm64
61 silly reify mark deleted [
61 silly reify   '/Users/macbookair/cleaning-bot/node_modules/@rollup/rollup-freebsd-arm64'
61 silly reify ]
62 verbose reify failed optional dependency /Users/macbookair/cleaning-bot/node_modules/@rollup/rollup-darwin-x64
63 silly reify mark deleted [
63 silly reify   '/Users/macbookair/cleaning-bot/node_modules/@rollup/rollup-darwin-x64'
63 silly reify ]
64 verbose reify failed optional dependency /Users/macbookair/cleaning-bot/node_modules/@rollup/rollup-android-arm64
65 silly reify mark deleted [
65 silly reify   '/Users/macbookair/cleaning-bot/node_modules/@rollup/rollup-android-arm64'
65 silly reify ]
66 verbose reify failed optional dependency /Users/macbookair/cleaning-bot/node_modules/@rollup/rollup-android-arm-eabi
67 silly reify mark deleted [
67 silly reify   '/Users/macbookair/cleaning-bot/node_modules/@rollup/rollup-android-arm-eabi'
67 silly reify ]
68 verbose reify failed optional dependency /Users/macbookair/cleaning-bot/node_modules/@esbuild/win32-x64
69 silly reify mark deleted [ '/Users/macbookair/cleaning-bot/node_modules/@esbuild/win32-x64' ]
70 verbose reify failed optional dependency /Users/macbookair/cleaning-bot/node_modules/@esbuild/win32-ia32
71 silly reify mark deleted [ '/Users/macbookair/cleaning-bot/node_modules/@esbuild/win32-ia32' ]
72 verbose reify failed optional dependency /Users/macbookair/cleaning-bot/node_modules/@esbuild/win32-arm64
73 silly reify mark deleted [ '/Users/macbookair/cleaning-bot/node_modules/@esbuild/win32-arm64' ]
74 verbose reify failed optional dependency /Users/macbookair/cleaning-bot/node_modules/@esbuild/sunos-x64
75 silly reify mark deleted [ '/Users/macbookair/cleaning-bot/node_modules/@esbuild/sunos-x64' ]
76 verbose reify failed optional dependency /Users/macbookair/cleaning-bot/node_modules/@esbuild/openharmony-arm64
77 silly reify mark deleted [
77 silly reify   '/Users/macbookair/cleaning-bot/node_modules/@esbuild/openharmony-arm64'
77 silly reify ]
78 verbose reify failed optional dependency /Users/macbookair/cleaning-bot/node_modules/@esbuild/openbsd-x64
79 silly reify mark deleted [ '/Users/macbookair/cleaning-bot/node_modules/@esbuild/openbsd-x64' ]
80 verbose reify failed optional dependency /Users/macbookair/cleaning-bot/node_modules/@esbuild/openbsd-arm64
81 silly reify mark deleted [
81 silly reify   '/Users/macbookair/cleaning-bot/node_modules/@esbuild/openbsd-arm64'
81 silly reify ]
82 verbose reify failed optional dependency /Users/macbookair/cleaning-bot/node_modules/@esbuild/netbsd-x64
83 silly reify mark deleted [ '/Users/macbookair/cleaning-bot/node_modules/@esbuild/netbsd-x64' ]
84 verbose reify failed optional dependency /Users/macbookair/cleaning-bot/node_modules/@esbuild/netbsd-arm64
85 silly reify mark deleted [ '/Users/macbookair/cleaning-bot/node_modules/@esbuild/netbsd-arm64' ]
86 verbose reify failed optional dependency /Users/macbookair/cleaning-bot/node_modules/@esbuild/linux-x64
87 silly reify mark deleted [ '/Users/macbookair/cleaning-bot/node_modules/@esbuild/linux-x64' ]
88 verbose reify failed optional dependency /Users/macbookair/cleaning-bot/node_modules/@esbuild/linux-s390x
89 silly reify mark deleted [ '/Users/macbookair/cleaning-bot/node_modules/@esbuild/linux-s390x' ]
90 verbose reify failed optional dependency /Users/macbookair/cleaning-bot/node_modules/@esbuild/linux-riscv64
91 silly reify mark deleted [
91 silly reify   '/Users/macbookair/cleaning-bot/node_modules/@esbuild/linux-riscv64'
91 silly reify ]
92 verbose reify failed optional dependency /Users/macbookair/cleaning-bot/node_modules/@esbuild/linux-ppc64
93 silly reify mark deleted [ '/Users/macbookair/cleaning-bot/node_modules/@esbuild/linux-ppc64' ]
94 verbose reify failed optional dependency /Users/macbookair/cleaning-bot/node_modules/@esbuild/linux-mips64el
95 silly reify mark deleted [
95 silly reify   '/Users/macbookair/cleaning-bot/node_modules/@esbuild/linux-mips64el'
95 silly reify ]
96 verbose reify failed optional dependency /Users/macbookair/cleaning-bot/node_modules/@esbuild/linux-loong64
97 silly reify mark deleted [
97 silly reify   '/Users/macbookair/cleaning-bot/node_modules/@esbuild/linux-loong64'
97 silly reify ]
98 verbose reify failed optional dependency /Users/macbookair/cleaning-bot/node_modules/@esbuild/linux-ia32
99 silly reify mark deleted [ '/Users/macbookair/cleaning-bot/node_modules/@esbuild/linux-ia32' ]
100 verbose reify failed optional dependency /Users/macbookair/cleaning-bot/node_modules/@esbuild/linux-arm64
101 silly reify mark deleted [ '/Users/macbookair/cleaning-bot/node_modules/@esbuild/linux-arm64' ]
102 verbose reify failed optional dependency /Users/macbookair/cleaning-bot/node_modules/@esbuild/linux-arm
103 silly reify mark deleted [ '/Users/macbookair/cleaning-bot/node_modules/@esbuild/linux-arm' ]
104 verbose reify failed optional dependency /Users/macbookair/cleaning-bot/node_modules/@esbuild/freebsd-x64
105 silly reify mark deleted [ '/Users/macbookair/cleaning-bot/node_modules/@esbuild/freebsd-x64' ]
106 verbose reify failed optional dependency /Users/macbookair/cleaning-bot/node_modules/@esbuild/freebsd-arm64
107 silly reify mark deleted [
107 silly reify   '/Users/macbookair/cleaning-bot/node_modules/@esbuild/freebsd-arm64'
107 silly reify ]
108 verbose reify failed optional dependency /Users/macbookair/cleaning-bot/node_modules/@esbuild/darwin-x64
109 silly reify mark deleted [ '/Users/macbookair/cleaning-bot/node_modules/@esbuild/darwin-x64' ]
110 verbose reify failed optional dependency /Users/macbookair/cleaning-bot/node_modules/@esbuild/android-x64
111 silly reify mark deleted [ '/Users/macbookair/cleaning-bot/node_modules/@esbuild/android-x64' ]
112 verbose reify failed optional dependency /Users/macbookair/cleaning-bot/node_modules/@esbuild/android-arm64
113 silly reify mark deleted [
113 silly reify   '/Users/macbookair/cleaning-bot/node_modules/@esbuild/android-arm64'
113 silly reify ]
114 verbose reify failed optional dependency /Users/macbookair/cleaning-bot/node_modules/@esbuild/android-arm
115 silly reify mark deleted [ '/Users/macbookair/cleaning-bot/node_modules/@esbuild/android-arm' ]
116 verbose reify failed optional dependency /Users/macbookair/cleaning-bot/node_modules/@esbuild/aix-ppc64
117 silly reify mark deleted [ '/Users/macbookair/cleaning-bot/node_modules/@esbuild/aix-ppc64' ]
118 http cache dotenv@https://registry.npmjs.org/dotenv/-/dotenv-17.2.3.tgz 0ms (cache hit)
119 http cache zod@https://registry.npmjs.org/zod/-/zod-4.1.12.tgz 0ms (cache hit)
120 http cache fsevents@https://registry.npmjs.org/fsevents/-/fsevents-2.3.3.tgz 0ms (cache hit)
121 silly tarball no local data for dotenv@https://registry.npmjs.org/dotenv/-/dotenv-17.2.3.tgz. Extracting by manifest.
122 silly tarball no local data for zod@https://registry.npmjs.org/zod/-/zod-4.1.12.tgz. Extracting by manifest.
123 http fetch GET 200 https://registry.npmjs.org/dotenv/-/dotenv-17.2.3.tgz 214ms (cache miss)
124 http fetch GET 200 https://registry.npmjs.org/zod/-/zod-4.1.12.tgz 311ms (cache miss)
125 http fetch POST 200 https://registry.npmjs.org/-/npm/v1/security/advisories/bulk 347ms
126 silly audit report {}
127 silly ADD node_modules/zod
128 silly ADD node_modules/dotenv
129 silly ADD node_modules/fsevents
130 silly ADD
131 silly ADD
132 silly ADD
133 silly ADD
134 silly ADD
135 silly ADD
136 silly ADD
137 silly ADD
138 silly ADD
139 silly ADD
140 silly ADD
141 silly ADD
142 silly ADD
143 silly ADD
144 silly ADD
145 silly ADD
146 silly ADD
147 silly ADD
148 silly ADD
149 silly ADD
150 silly ADD
151 silly ADD
152 silly ADD
153 silly ADD
154 silly ADD
155 silly ADD
156 silly ADD
157 silly ADD
158 silly ADD
159 silly ADD
160 silly ADD
161 silly ADD
162 silly ADD
163 silly ADD
164 silly ADD
165 silly ADD
166 silly ADD
167 silly ADD
168 silly ADD
169 silly ADD
170 silly ADD
171 silly ADD
172 silly ADD
173 silly ADD
174 silly ADD
175 silly ADD
176 verbose cwd /Users/macbookair/cleaning-bot
177 verbose os Darwin 24.4.0
178 verbose node v22.17.0
179 verbose npm  v10.9.2
180 verbose exit 0
181 info ok
